TpList:  <coclusterSVD.TpPair_List object at 0x155144ce69d0>
Mk:  50 Tp:  199
[50, 50, 50, 50, 50, 50, 50, 50, 50, 50]
Mk:  60 Tp:  52
[60, 60, 60, 60, 60, 60, 60, 60, 60, 60]
Mk:  70 Tp:  17
[70, 70, 70, 70, 70, 70, 70, 70, 70, 70]
Mk:  80 Tp:  7
[80, 80, 80, 80, 80, 80, 80, 80, 80, 80]
Mk:  90 Tp:  3
[90, 90, 90, 90, 90, 90, 90, 90, 90, 90]
Mk:  100 Tp:  2
[100, 100, 100, 100, 100, 100, 100, 100, 100, 100]
Mk:  110 Tp:  1
[110, 110, 110, 110, 110, 110, 110, 110, 110, 110]
Mk:  120 Tp:  1
[120, 120, 120, 120, 120, 120, 120, 120, 120, 120]
Mk:  130 Tp:  1
[130, 130, 130, 130, 130, 130, 130, 130, 130, 130]
Mk:  140 Tp:  1
[140, 140, 140, 140, 140, 140, 140, 140, 140, 140]
Mk:  150 Tp:  1
[150, 150, 150, 150, 150, 150, 150, 150, 150, 150]
Mk:  160 Tp:  1
[160, 160, 160, 160, 160, 160, 160, 160, 160, 160]
Mk:  170 Tp:  1
[170, 170, 170, 170, 170, 170, 170, 170, 170, 170]
Mk:  180 Tp:  1
[180, 180, 180, 180, 180, 180, 180, 180, 180, 180]
Mk:  190 Tp:  1
[190, 190, 190, 190, 190, 190, 190, 190, 190, 190]
timeA:  0.0040547847747802734
timeB:  0.7188127040863037
timeA:  0.004004240036010742
timeB:  0.7204704284667969
timeA:  0.00455474853515625
timeB:  0.7192792892456055
timeA:  0.005278110504150391
timeB:  0.7151191234588623
timeA:  0.005667686462402344
timeB:  0.7155055999755859
timeA:  0.006319522857666016
timeB:  0.7168080806732178
timeA:  0.0069713592529296875
timeB:  0.7168848514556885
timeA:  0.0075876712799072266
timeB:  0.7164759635925293
timeA:  0.008401155471801758
timeB:  0.7163920402526855
timeA:  0.008830785751342773
timeB:  0.7168130874633789
timeA:  0.009711265563964844
timeB:  0.7169220447540283
timeA:  0.010141611099243164
timeB:  0.717432975769043
timeA:  0.010906696319580078
timeB:  0.7184181213378906
timeA:  0.011675834655761719
timeB:  0.7223148345947266
timeA:  0.012822628021240234
timeB:  0.7185680866241455
(0.98, [12, 72, 18, 5, 8, 103, 4, 79, 75, 75, 10, 60, 40, 47, 80, 34, 56, 34, 163, 156, 8, 95, 16, 9, 19, 10, 9, 50, 12, 16, 1, 47, 67, 1, 32, 120, 53, 117, 38, 12, 46, 4, 10, 7, 131, 80, 126, 28, 77, 25, 114, 19, 9, 25, 55, 12, 64, 43, 48, 14, 26, 18, 113, 158, 134, 103, 28, 27, 100, 10, 47, 6, -1, 10, 15, 22, 42, -1, 13, 15, 120, 27, 142, 9, 42, 9, 38, 64, 46, 25, 61, 31, 146, 14, 33, 13, 71, 37, 134, 46])
(0.96, [5, 24, -1, 2, 8, 5, 7, 23, -1, 24, 2, 10, 28, 3, 14, 1, 18, 47, 2, 1, 38, 3, 3, 1, 2, 21, 7, 26, 10, 3, 8, 3, 8, 8, 5, 39, 13, 7, 9, 6, 27, 1, 5, 9, 5, 25, 47, 30, 8, 16, 25, 8, 7, 39, 2, 3, 9, 7, 1, 8, -1, 9, 14, 7, 6, 21, 40, 12, 12, 44, 5, 1, 7, 12, 14, 6, 27, 7, 10, -1, 12, 2, 20, 5, 17, 4, 7, 16, 21, 11, 36, 11, 27, 22, 7, 5, 15, 2, 9, 8])
(0.97, [3, 1, 11, 1, 5, 3, 8, 3, 6, 5, 5, 1, 1, 3, 5, 3, 3, 4, 7, 1, 1, 9, 13, 2, 1, 2, 1, 12, 8, 3, 2, 1, 9, 10, 1, 3, 1, 12, 4, 3, 4, 1, 12, 2, 9, 2, 5, 3, 3, 5, 7, 3, 17, 5, 5, 3, 4, 2, 13, 2, 8, 9, 10, -1, -1, 1, 4, 5, 4, -1, 7, 1, 4, 5, 7, 9, 2, 5, 2, 3, 6, 14, 4, 5, 1, 3, 6, 1, 3, 8, 6, 3, 11, 9, 1, 1, 10, 3, 2, 1])
(0.95, [1, 2, 4, 1, -1, -1, 6, 1, 2, 1, 1, 4, 2, 6, 3, 2, 1, 1, 2, 3, 3, 1, 1, 3, 1, 1, 5, 7, -1, 4, 1, 5, 1, 4, 1, 1, 1, 1, 1, -1, 1, 1, 1, 3, 1, 2, 2, 3, 1, 2, 1, 1, 2, 2, 1, -1, 5, 1, 2, 4, 1, 4, 3, 1, 1, 3, 1, 2, 4, 2, 2, 5, 1, 2, 1, 4, 2, 4, 2, 3, 2, 2, 3, 1, 3, 1, 2, 2, 2, 3, 1, 2, 1, 1, 2, 1, 2, 6, 2, 1])
(0.92, [1, 2, 3, 1, 2, 1, 2, 2, 2, -1, 1, 1, 2, 1, 1, 1, 1, -1, 1, 1, 2, 3, 1, 1, 2, 1, 1, 2, 1, 2, 1, 1, -1, 1, 1, 1, 1, 3, 1, 2, 1, 2, 2, 2, 2, 1, -1, 1, -1, 1, 1, 3, 1, 2, 1, 1, 1, 2, 1, 1, 3, 1, -1, -1, 1, 1, 2, 2, 1, 1, 1, 2, 1, 1, 3, 1, 1, 2, 1, 1, 2, 1, 1, -1, 2, 1, 3, 3, 1, 2, 1, 2, 1, 3, 3, 1, 1, 2, 1, 1])
(0.95, [-1, 2, 1, 2, 1, 2, 1, 1, 1, 1, 1, 2, 1, 1, 1, 2, -1, 2, 1, 2, 1, 1, 2, 1, 1, 1, 1, 1, 2, 2, 2, 1, 1, 2, 1, 1, 1, 1, 2, 1, 2, 2, -1, 1, 1, 1, 1, 2, 1, 1, 1, 2, 1, 1, 2, 2, 2, -1, 1, 1, 1, 1, 1, 1, 1, 1, 2, 1, 2, 1, 1, 1, 1, 1, 1, 1, 1, 1, 1, 1, 1, 1, 1, 1, 1, 1, 1, -1, 1, 2, 1, 1, 1, 2, 1, 1, 1, 1, 1, 1])
(0.86, [-1, 1, 1, 1, 1, 1, 1, 1, -1, 1, 1, -1, 1, 1, 1, 1, 1, 1, 1, 1, -1, 1, -1, 1, 1, 1, 1, -1, 1, 1, 1, 1, 1, 1, -1, -1, 1, 1, 1, 1, -1, 1, 1, 1, 1, 1, 1, 1, 1, 1, 1, 1, 1, 1, 1, 1, 1, 1, 1, 1, 1, 1, -1, 1, 1, 1, -1, 1, 1, -1, 1, 1, 1, 1, 1, 1, -1, 1, 1, 1, 1, 1, 1, 1, 1, 1, 1, -1, 1, 1, 1, 1, 1, 1, 1, 1, 1, 1, 1, 1])
(0.98, [1, 1, 1, 1, 1, 1, 1, 1, 1, 1, 1, 1, 1, 1, 1, 1, 1, 1, 1, 1, 1, 1, 1, 1, 1, 1, 1, 1, 1, 1, 1, 1, 1, 1, 1, 1, 1, 1, 1, 1, 1, 1, 1, 1, 1, 1, 1, 1, 1, 1, 1, 1, 1, 1, 1, 1, 1, 1, -1, 1, 1, 1, 1, 1, 1, 1, 1, 1, 1, 1, 1, 1, 1, 1, 1, 1, 1, 1, 1, 1, 1, 1, 1, 1, 1, 1, 1, 1, -1, 1, 1, 1, 1, 1, 1, 1, 1, 1, 1, 1])
(1.0, [1, 1, 1, 1, 1, 1, 1, 1, 1, 1, 1, 1, 1, 1, 1, 1, 1, 1, 1, 1, 1, 1, 1, 1, 1, 1, 1, 1, 1, 1, 1, 1, 1, 1, 1, 1, 1, 1, 1, 1, 1, 1, 1, 1, 1, 1, 1, 1, 1, 1, 1, 1, 1, 1, 1, 1, 1, 1, 1, 1, 1, 1, 1, 1, 1, 1, 1, 1, 1, 1, 1, 1, 1, 1, 1, 1, 1, 1, 1, 1, 1, 1, 1, 1, 1, 1, 1, 1, 1, 1, 1, 1, 1, 1, 1, 1, 1, 1, 1, 1])
(1.0, [1, 1, 1, 1, 1, 1, 1, 1, 1, 1, 1, 1, 1, 1, 1, 1, 1, 1, 1, 1, 1, 1, 1, 1, 1, 1, 1, 1, 1, 1, 1, 1, 1, 1, 1, 1, 1, 1, 1, 1, 1, 1, 1, 1, 1, 1, 1, 1, 1, 1, 1, 1, 1, 1, 1, 1, 1, 1, 1, 1, 1, 1, 1, 1, 1, 1, 1, 1, 1, 1, 1, 1, 1, 1, 1, 1, 1, 1, 1, 1, 1, 1, 1, 1, 1, 1, 1, 1, 1, 1, 1, 1, 1, 1, 1, 1, 1, 1, 1, 1])
(1.0, [1, 1, 1, 1, 1, 1, 1, 1, 1, 1, 1, 1, 1, 1, 1, 1, 1, 1, 1, 1, 1, 1, 1, 1, 1, 1, 1, 1, 1, 1, 1, 1, 1, 1, 1, 1, 1, 1, 1, 1, 1, 1, 1, 1, 1, 1, 1, 1, 1, 1, 1, 1, 1, 1, 1, 1, 1, 1, 1, 1, 1, 1, 1, 1, 1, 1, 1, 1, 1, 1, 1, 1, 1, 1, 1, 1, 1, 1, 1, 1, 1, 1, 1, 1, 1, 1, 1, 1, 1, 1, 1, 1, 1, 1, 1, 1, 1, 1, 1, 1])
(1.0, [1, 1, 1, 1, 1, 1, 1, 1, 1, 1, 1, 1, 1, 1, 1, 1, 1, 1, 1, 1, 1, 1, 1, 1, 1, 1, 1, 1, 1, 1, 1, 1, 1, 1, 1, 1, 1, 1, 1, 1, 1, 1, 1, 1, 1, 1, 1, 1, 1, 1, 1, 1, 1, 1, 1, 1, 1, 1, 1, 1, 1, 1, 1, 1, 1, 1, 1, 1, 1, 1, 1, 1, 1, 1, 1, 1, 1, 1, 1, 1, 1, 1, 1, 1, 1, 1, 1, 1, 1, 1, 1, 1, 1, 1, 1, 1, 1, 1, 1, 1])
(1.0, [1, 1, 1, 1, 1, 1, 1, 1, 1, 1, 1, 1, 1, 1, 1, 1, 1, 1, 1, 1, 1, 1, 1, 1, 1, 1, 1, 1, 1, 1, 1, 1, 1, 1, 1, 1, 1, 1, 1, 1, 1, 1, 1, 1, 1, 1, 1, 1, 1, 1, 1, 1, 1, 1, 1, 1, 1, 1, 1, 1, 1, 1, 1, 1, 1, 1, 1, 1, 1, 1, 1, 1, 1, 1, 1, 1, 1, 1, 1, 1, 1, 1, 1, 1, 1, 1, 1, 1, 1, 1, 1, 1, 1, 1, 1, 1, 1, 1, 1, 1])
(1.0, [1, 1, 1, 1, 1, 1, 1, 1, 1, 1, 1, 1, 1, 1, 1, 1, 1, 1, 1, 1, 1, 1, 1, 1, 1, 1, 1, 1, 1, 1, 1, 1, 1, 1, 1, 1, 1, 1, 1, 1, 1, 1, 1, 1, 1, 1, 1, 1, 1, 1, 1, 1, 1, 1, 1, 1, 1, 1, 1, 1, 1, 1, 1, 1, 1, 1, 1, 1, 1, 1, 1, 1, 1, 1, 1, 1, 1, 1, 1, 1, 1, 1, 1, 1, 1, 1, 1, 1, 1, 1, 1, 1, 1, 1, 1, 1, 1, 1, 1, 1])
(1.0, [1, 1, 1, 1, 1, 1, 1, 1, 1, 1, 1, 1, 1, 1, 1, 1, 1, 1, 1, 1, 1, 1, 1, 1, 1, 1, 1, 1, 1, 1, 1, 1, 1, 1, 1, 1, 1, 1, 1, 1, 1, 1, 1, 1, 1, 1, 1, 1, 1, 1, 1, 1, 1, 1, 1, 1, 1, 1, 1, 1, 1, 1, 1, 1, 1, 1, 1, 1, 1, 1, 1, 1, 1, 1, 1, 1, 1, 1, 1, 1, 1, 1, 1, 1, 1, 1, 1, 1, 1, 1, 1, 1, 1, 1, 1, 1, 1, 1, 1, 1])
